Using pre-set license
Built from '2021.1/release' branch; Version is '2021.1.4f1 (4cd64a618c1b) revision 5035594'; Using compiler version '192528614'; Build Type 'Release'
OS: 'Windows 10 Enterprise LTSC 2019; OS build 17763.2029; Version 1809; 64bit' Language: 'ru' Physical Memory: 16324 MB
BatchMode: 1, IsHumanControllingUs: 0, StartBugReporterOnCrash: 0, Is64bit: 1, IsPro: 0

 COMMAND LINE ARGUMENTS:
E:\Program Files (x86)\Unity\2021.1.4f1\Editor\Unity.exe
-adb2
-batchMode
-noUpm
-name
AssetImportWorker0
-projectPath
G:/GitRepos/SpaceShmup
-logFile
Logs/AssetImportWorker0.log
-srvPort
59852
Successfully changed project path to: G:/GitRepos/SpaceShmup
G:/GitRepos/SpaceShmup
Using Asset Import Pipeline V2.
Refreshing native plugins compatible for Editor in 81.70 ms, found 1 plugins.
Preloading 0 native plugins for Editor in 0.00 ms.
Initialize engine version: 2021.1.4f1 (4cd64a618c1b)
[Subsystems] Discovering subsystems at path E:/Program Files (x86)/Unity/2021.1.4f1/Editor/Data/Resources/UnitySubsystems
[Subsystems] Discovering subsystems at path G:/GitRepos/SpaceShmup/Assets
GfxDevice: creating device client; threaded=0; jobified=0
Direct3D:
    Version:  Direct3D 11.0 [level 11.1]
    Renderer: NVIDIA GeForce GTX 1070 (ID=0x1b81)
    Vendor:   NVIDIA
    VRAM:     8088 MB
    Driver:   30.0.14.7111
Initialize mono
Mono path[0] = 'E:/Program Files (x86)/Unity/2021.1.4f1/Editor/Data/Managed'
Mono path[1] = 'E:/Program Files (x86)/Unity/2021.1.4f1/Editor/Data/MonoBleedingEdge/lib/mono/unityjit'
Mono config path = 'E:/Program Files (x86)/Unity/2021.1.4f1/Editor/Data/MonoBleedingEdge/etc'
Using monoOptions --debugger-agent=transport=dt_socket,embedding=1,server=y,suspend=n,address=127.0.0.1:56144
Begin MonoManager ReloadAssembly
Registering precompiled unity dll's ...
Register platform support module: E:/Program Files (x86)/Unity/2021.1.4f1/Editor/Data/PlaybackEngines/WindowsStandaloneSupport/UnityEditor.WindowsStandalone.Extensions.dll
Registered in 0.001277 seconds.
Native extension for WindowsStandalone target not found
Refreshing native plugins compatible for Editor in 78.28 ms, found 1 plugins.
Preloading 0 native plugins for Editor in 0.00 ms.
Mono: successfully reloaded assembly
- Completed reload, in  3.013 seconds
Platform modules already initialized, skipping
Registering precompiled user dll's ...
Registered in 0.003690 seconds.
Begin MonoManager ReloadAssembly
Native extension for WindowsStandalone target not found
Refreshing native plugins compatible for Editor in 0.43 ms, found 1 plugins.
Preloading 0 native plugins for Editor in 0.00 ms.
Mono: successfully reloaded assembly
- Completed reload, in  1.238 seconds
Platform modules already initialized, skipping
========================================================================
Worker process is ready to serve import requests
Launched and connected shader compiler UnityShaderCompiler.exe after 0.51 seconds
Refreshing native plugins compatible for Editor in 1.03 ms, found 1 plugins.
Preloading 0 native plugins for Editor in 0.00 ms.
Unloading 2679 Unused Serialized files (Serialized files now loaded: 0)
System memory in use before: 98.7 MB.
System memory in use after: 98.8 MB.

Unloading 15 unused Assets to reduce memory usage. Loaded Objects now: 3131.
Total: 2.283700 ms (FindLiveObjects: 0.212800 ms CreateObjectMapping: 0.107200 ms MarkObjects: 1.871700 ms  DeleteObjects: 0.091000 ms)

========================================================================
Received Import Request.
  path: Assets/Scripts/Enemy_4.cs
  artifactKey: Guid(995cf74d0d9bea841a6a151cb48c6fe3) Importer(815301076,1909f56bfc062723c751e8b465ee728b)
Start importing Assets/Scripts/Enemy_4.cs using Guid(995cf74d0d9bea841a6a151cb48c6fe3) Importer(815301076,1909f56bfc062723c751e8b465ee728b)  -> (artifact id: '3c94d57db2a0017bfadd838773b73f79') in 0.078250 seconds 
========================================================================
Received Import Request.
  Time since last request: 254.200956 seconds.
  path: Assets/Scripts/Enemy_4.cs
  artifactKey: Guid(995cf74d0d9bea841a6a151cb48c6fe3) Importer(815301076,1909f56bfc062723c751e8b465ee728b)
Start importing Assets/Scripts/Enemy_4.cs using Guid(995cf74d0d9bea841a6a151cb48c6fe3) Importer(815301076,1909f56bfc062723c751e8b465ee728b)  -> (artifact id: 'af24447405bb4e8b65702e333276bffb') in 0.003367 seconds 
========================================================================
Received Import Request.
  Time since last request: 15.516551 seconds.
  path: Assets/Scripts/Enemy_4.cs
  artifactKey: Guid(995cf74d0d9bea841a6a151cb48c6fe3) Importer(815301076,1909f56bfc062723c751e8b465ee728b)
Start importing Assets/Scripts/Enemy_4.cs using Guid(995cf74d0d9bea841a6a151cb48c6fe3) Importer(815301076,1909f56bfc062723c751e8b465ee728b)  -> (artifact id: '9255da6cec7d0ac30652c0b93a1e15f4') in 0.003927 seconds 
========================================================================
Received Import Request.
  Time since last request: 1.024484 seconds.
  path: Assets/Scripts/Enemy_4.cs
  artifactKey: Guid(995cf74d0d9bea841a6a151cb48c6fe3) Importer(815301076,1909f56bfc062723c751e8b465ee728b)
Start importing Assets/Scripts/Enemy_4.cs using Guid(995cf74d0d9bea841a6a151cb48c6fe3) Importer(815301076,1909f56bfc062723c751e8b465ee728b)  -> (artifact id: '6406f508a2d5b2fe1b9924ebea9ec616') in 0.003680 seconds 
========================================================================
Received Prepare
Registering precompiled user dll's ...
Registered in 0.003580 seconds.
Begin MonoManager ReloadAssembly
Native extension for WindowsStandalone target not found
Refreshing native plugins compatible for Editor in 0.44 ms, found 1 plugins.
Preloading 0 native plugins for Editor in 0.00 ms.
Mono: successfully reloaded assembly
- Completed reload, in  1.160 seconds
Platform modules already initialized, skipping
Refreshing native plugins compatible for Editor in 0.47 ms, found 1 plugins.
Preloading 0 native plugins for Editor in 0.00 ms.
Unloading 2673 Unused Serialized files (Serialized files now loaded: 0)
System memory in use before: 98.6 MB.
System memory in use after: 98.8 MB.

Unloading 10 unused Assets to reduce memory usage. Loaded Objects now: 3134.
Total: 2.822800 ms (FindLiveObjects: 0.429000 ms CreateObjectMapping: 0.258500 ms MarkObjects: 2.078700 ms  DeleteObjects: 0.055000 ms)

========================================================================
Received Prepare
Registering precompiled user dll's ...
Registered in 0.002885 seconds.
Begin MonoManager ReloadAssembly
Native extension for WindowsStandalone target not found
Refreshing native plugins compatible for Editor in 0.85 ms, found 1 plugins.
Preloading 0 native plugins for Editor in 0.00 ms.
Mono: successfully reloaded assembly
- Completed reload, in  1.082 seconds
Platform modules already initialized, skipping
Refreshing native plugins compatible for Editor in 0.42 ms, found 1 plugins.
Preloading 0 native plugins for Editor in 0.00 ms.
Unloading 2673 Unused Serialized files (Serialized files now loaded: 0)
System memory in use before: 98.6 MB.
System memory in use after: 98.8 MB.

Unloading 10 unused Assets to reduce memory usage. Loaded Objects now: 3137.
Total: 2.364700 ms (FindLiveObjects: 0.180200 ms CreateObjectMapping: 0.102200 ms MarkObjects: 2.036700 ms  DeleteObjects: 0.044800 ms)

========================================================================
Received Prepare
Registering precompiled user dll's ...
Registered in 0.004274 seconds.
Begin MonoManager ReloadAssembly
Native extension for WindowsStandalone target not found
Refreshing native plugins compatible for Editor in 0.48 ms, found 1 plugins.
Preloading 0 native plugins for Editor in 0.00 ms.
Mono: successfully reloaded assembly
- Completed reload, in  1.156 seconds
Platform modules already initialized, skipping
Refreshing native plugins compatible for Editor in 0.46 ms, found 1 plugins.
Preloading 0 native plugins for Editor in 0.00 ms.
Unloading 2673 Unused Serialized files (Serialized files now loaded: 0)
System memory in use before: 98.6 MB.
System memory in use after: 98.8 MB.

Unloading 10 unused Assets to reduce memory usage. Loaded Objects now: 3140.
Total: 2.002100 ms (FindLiveObjects: 0.212200 ms CreateObjectMapping: 0.102000 ms MarkObjects: 1.646500 ms  DeleteObjects: 0.040500 ms)

========================================================================
Received Prepare
Registering precompiled user dll's ...
Registered in 0.003681 seconds.
Begin MonoManager ReloadAssembly
Native extension for WindowsStandalone target not found
Refreshing native plugins compatible for Editor in 0.53 ms, found 1 plugins.
Preloading 0 native plugins for Editor in 0.00 ms.
Mono: successfully reloaded assembly
- Completed reload, in  1.172 seconds
Platform modules already initialized, skipping
Refreshing native plugins compatible for Editor in 0.49 ms, found 1 plugins.
Preloading 0 native plugins for Editor in 0.00 ms.
Unloading 2673 Unused Serialized files (Serialized files now loaded: 0)
System memory in use before: 98.6 MB.
System memory in use after: 98.8 MB.

Unloading 10 unused Assets to reduce memory usage. Loaded Objects now: 3143.
Total: 2.003700 ms (FindLiveObjects: 0.194000 ms CreateObjectMapping: 0.103100 ms MarkObjects: 1.662900 ms  DeleteObjects: 0.042800 ms)

========================================================================
Received Import Request.
  Time since last request: 741.780631 seconds.
  path: Assets/Prefabs/Enemy_0.prefab
  artifactKey: Guid(df13ea172b2c89f48854ea1b6658852e) Importer(815301076,1909f56bfc062723c751e8b465ee728b)
Start importing Assets/Prefabs/Enemy_0.prefab using Guid(df13ea172b2c89f48854ea1b6658852e) Importer(815301076,1909f56bfc062723c751e8b465ee728b)  -> (artifact id: 'c43d12c8110695c3d987fcfebba829ec') in 0.131127 seconds 
========================================================================
Received Import Request.
  Time since last request: 79.134532 seconds.
  path: Assets/Prefabs/Enemy_1.prefab
  artifactKey: Guid(ea625b2a08e4e4d4f9e19a50445c61da) Importer(815301076,1909f56bfc062723c751e8b465ee728b)
Start importing Assets/Prefabs/Enemy_1.prefab using Guid(ea625b2a08e4e4d4f9e19a50445c61da) Importer(815301076,1909f56bfc062723c751e8b465ee728b)  -> (artifact id: 'dad79637e8350d09b42d7b6ba1ca53cc') in 0.013403 seconds 
========================================================================
Received Import Request.
  Time since last request: 6.214736 seconds.
  path: Assets/Prefabs/Enemy_2.prefab
  artifactKey: Guid(066669ca216be424197b695165a67cda) Importer(815301076,1909f56bfc062723c751e8b465ee728b)
Start importing Assets/Prefabs/Enemy_2.prefab using Guid(066669ca216be424197b695165a67cda) Importer(815301076,1909f56bfc062723c751e8b465ee728b)  -> (artifact id: 'e845583a7466332a1968774c097704c9') in 0.012020 seconds 
========================================================================
Received Import Request.
  Time since last request: 3.333012 seconds.
  path: Assets/Prefabs/Enemy_3.prefab
  artifactKey: Guid(b09885328df1bdb42bff693a012a13c0) Importer(815301076,1909f56bfc062723c751e8b465ee728b)
Start importing Assets/Prefabs/Enemy_3.prefab using Guid(b09885328df1bdb42bff693a012a13c0) Importer(815301076,1909f56bfc062723c751e8b465ee728b)  -> (artifact id: 'd563aa1b8b88b6e3440a37065c016f6b') in 0.012038 seconds 
========================================================================
Received Import Request.
  Time since last request: 5.312988 seconds.
  path: Assets/Prefabs/Enemy_4.prefab
  artifactKey: Guid(fa01f162707f786488f55607c5a9e365) Importer(815301076,1909f56bfc062723c751e8b465ee728b)
Start importing Assets/Prefabs/Enemy_4.prefab using Guid(fa01f162707f786488f55607c5a9e365) Importer(815301076,1909f56bfc062723c751e8b465ee728b)  -> (artifact id: '810784ba91f832ab2441d75c844a62bf') in 0.014817 seconds 
========================================================================
Received Import Request.
  Time since last request: 2.602578 seconds.
  path: Assets/Prefabs/Enemy_0.prefab
  artifactKey: Guid(df13ea172b2c89f48854ea1b6658852e) Importer(815301076,1909f56bfc062723c751e8b465ee728b)
Start importing Assets/Prefabs/Enemy_0.prefab using Guid(df13ea172b2c89f48854ea1b6658852e) Importer(815301076,1909f56bfc062723c751e8b465ee728b)  -> (artifact id: '7959ff640d2daeb02024a98aee08f848') in 0.021682 seconds 
========================================================================
Received Prepare
Registering precompiled user dll's ...
Registered in 0.003782 seconds.
Begin MonoManager ReloadAssembly
Native extension for WindowsStandalone target not found
Refreshing native plugins compatible for Editor in 0.45 ms, found 1 plugins.
Preloading 0 native plugins for Editor in 0.00 ms.
Mono: successfully reloaded assembly
- Completed reload, in  1.075 seconds
Platform modules already initialized, skipping
Refreshing native plugins compatible for Editor in 0.42 ms, found 1 plugins.
Preloading 0 native plugins for Editor in 0.00 ms.
Unloading 2673 Unused Serialized files (Serialized files now loaded: 0)
System memory in use before: 102.4 MB.
System memory in use after: 102.6 MB.

Unloading 11 unused Assets to reduce memory usage. Loaded Objects now: 3154.
Total: 3.427700 ms (FindLiveObjects: 0.432500 ms CreateObjectMapping: 0.303200 ms MarkObjects: 2.632300 ms  DeleteObjects: 0.058300 ms)

========================================================================
Received Import Request.
  Time since last request: 411.679818 seconds.
  path: Assets/Scripts/Parallax.cs
  artifactKey: Guid(246e30fd11e3cef44bf9c64b2cfee6e3) Importer(815301076,1909f56bfc062723c751e8b465ee728b)
Start importing Assets/Scripts/Parallax.cs using Guid(246e30fd11e3cef44bf9c64b2cfee6e3) Importer(815301076,1909f56bfc062723c751e8b465ee728b)  -> (artifact id: 'f6d650f0f0d48b13dfba5d25b26cee45') in 0.009698 seconds 
========================================================================
Received Prepare
Registering precompiled user dll's ...
Registered in 0.004898 seconds.
Begin MonoManager ReloadAssembly
Native extension for WindowsStandalone target not found
Refreshing native plugins compatible for Editor in 0.68 ms, found 1 plugins.
Preloading 0 native plugins for Editor in 0.00 ms.
Mono: successfully reloaded assembly
- Completed reload, in  1.127 seconds
Platform modules already initialized, skipping
Refreshing native plugins compatible for Editor in 0.69 ms, found 1 plugins.
Preloading 0 native plugins for Editor in 0.00 ms.
Unloading 2674 Unused Serialized files (Serialized files now loaded: 0)
System memory in use before: 102.4 MB.
System memory in use after: 102.6 MB.

Unloading 10 unused Assets to reduce memory usage. Loaded Objects now: 3158.
Total: 4.004100 ms (FindLiveObjects: 0.272700 ms CreateObjectMapping: 0.235500 ms MarkObjects: 3.421800 ms  DeleteObjects: 0.072800 ms)

========================================================================
Received Import Request.
  Time since last request: 467.549941 seconds.
  path: Assets/Scripts/Parallax.cs
  artifactKey: Guid(246e30fd11e3cef44bf9c64b2cfee6e3) Importer(815301076,1909f56bfc062723c751e8b465ee728b)
Start importing Assets/Scripts/Parallax.cs using Guid(246e30fd11e3cef44bf9c64b2cfee6e3) Importer(815301076,1909f56bfc062723c751e8b465ee728b)  -> (artifact id: '936109efe5da6bc56a9204298283f6b1') in 0.011152 seconds 
========================================================================
Received Prepare
Registering precompiled user dll's ...
Registered in 0.003341 seconds.
Begin MonoManager ReloadAssembly
Native extension for WindowsStandalone target not found
Refreshing native plugins compatible for Editor in 0.45 ms, found 1 plugins.
Preloading 0 native plugins for Editor in 0.00 ms.
Mono: successfully reloaded assembly
- Completed reload, in  1.054 seconds
Platform modules already initialized, skipping
Refreshing native plugins compatible for Editor in 0.44 ms, found 1 plugins.
Preloading 0 native plugins for Editor in 0.00 ms.
Unloading 2674 Unused Serialized files (Serialized files now loaded: 0)
System memory in use before: 102.4 MB.
System memory in use after: 102.6 MB.

Unloading 10 unused Assets to reduce memory usage. Loaded Objects now: 3161.
Total: 2.394200 ms (FindLiveObjects: 0.305000 ms CreateObjectMapping: 0.252300 ms MarkObjects: 1.793300 ms  DeleteObjects: 0.043000 ms)

AssetImportWorkerClient::OnTransportError - code=2 error=End of file
